Checking whether the ASM compiler is GNU using "--version" did not match "(GNU assembler)|(GCC)|(Free Software Foundation)":
armclang: error: Failed to check out a license.License server machine is down or not responding.
 See the system administrator about starting the license server system, or
 make sure you're referring to the right host (see LM_LICENSE_FILE).
Feature:       mdk_pro_compiler5
Hostname:      rpr-license.nxp.com
License path:  27000@rpr-license.nxp.com;c:\program files\arm\licenses\license.dat;
FlexNet Licensing error:-96,7.  System Error: 11001 "WinSock: Host not found (HOST_NOT_FOUND)"
armclang: note: Check that your license details are correct in the License Management dialog of MDK. Additional information is available at:
 http://www.keil.com/support/man/docs/license/license_management.htm
 If you need further help, provide this complete error report to your supplier or license.support@arm.com.
 - ARMLMD_LICENSE_FILE: '27000@rpr-license.nxp.com'
 - LM_LICENSE_FILE: unset
 - ARM_PRODUCT_DEF: unset
 - ARM_PRODUCT_PATH: unset
 - ARM_TOOL_VARIANT: unset
 - Product location: C:\Keil_v5\ARM\sw\mappings
 - Toolchain location: C:\Keil_v5\ARM\ARMCLANG\bin
 - Selected tool variant: mdk_pro_flex
armclang: note:  - Checkout feature: mdk_pro_compiler5
 - Feature version: 5.0202203
 - Flex error code: -96
Product: MDK Professional 5.37 (Flex)
Component: Arm Compiler for Embedded 6.18
Tool: armclang [5e4cca00]


Target: unspecified-arm-none-unspecified
Checking whether the ASM compiler is Clang using "--version" did not match "(clang version)":
armclang: error: Failed to check out a license.License server machine is down or not responding.
 See the system administrator about starting the license server system, or
 make sure you're referring to the right host (see LM_LICENSE_FILE).
Feature:       mdk_pro_compiler5
Hostname:      rpr-license.nxp.com
License path:  27000@rpr-license.nxp.com;c:\program files\arm\licenses\license.dat;
FlexNet Licensing error:-96,7.  System Error: 11001 "WinSock: Host not found (HOST_NOT_FOUND)"
armclang: note: Check that your license details are correct in the License Management dialog of MDK. Additional information is available at:
 http://www.keil.com/support/man/docs/license/license_management.htm
 If you need further help, provide this complete error report to your supplier or license.support@arm.com.
 - ARMLMD_LICENSE_FILE: '27000@rpr-license.nxp.com'
 - LM_LICENSE_FILE: unset
 - ARM_PRODUCT_DEF: unset
 - ARM_PRODUCT_PATH: unset
 - ARM_TOOL_VARIANT: unset
 - Product location: C:\Keil_v5\ARM\sw\mappings
 - Toolchain location: C:\Keil_v5\ARM\ARMCLANG\bin
 - Selected tool variant: mdk_pro_flex
armclang: note:  - Checkout feature: mdk_pro_compiler5
 - Feature version: 5.0202203
 - Flex error code: -96
Product: MDK Professional 5.37 (Flex)
Component: Arm Compiler for Embedded 6.18
Tool: armclang [5e4cca00]


Target: unspecified-arm-none-unspecified
Checking whether the ASM compiler is AppleClang using "--version" did not match "(Apple LLVM version)":
armclang: error: Failed to check out a license.License server machine is down or not responding.
 See the system administrator about starting the license server system, or
 make sure you're referring to the right host (see LM_LICENSE_FILE).
Feature:       mdk_pro_compiler5
Hostname:      rpr-license.nxp.com
License path:  27000@rpr-license.nxp.com;c:\program files\arm\licenses\license.dat;
FlexNet Licensing error:-96,7.  System Error: 11001 "WinSock: Host not found (HOST_NOT_FOUND)"
armclang: note: Check that your license details are correct in the License Management dialog of MDK. Additional information is available at:
 http://www.keil.com/support/man/docs/license/license_management.htm
 If you need further help, provide this complete error report to your supplier or license.support@arm.com.
 - ARMLMD_LICENSE_FILE: '27000@rpr-license.nxp.com'
 - LM_LICENSE_FILE: unset
 - ARM_PRODUCT_DEF: unset
 - ARM_PRODUCT_PATH: unset
 - ARM_TOOL_VARIANT: unset
 - Product location: C:\Keil_v5\ARM\sw\mappings
 - Toolchain location: C:\Keil_v5\ARM\ARMCLANG\bin
 - Selected tool variant: mdk_pro_flex
armclang: note:  - Checkout feature: mdk_pro_compiler5
 - Feature version: 5.0202203
 - Flex error code: -96
Product: MDK Professional 5.37 (Flex)
Component: Arm Compiler for Embedded 6.18
Tool: armclang [5e4cca00]


Target: unspecified-arm-none-unspecified
